<?xml version="1.0" encoding="UTF-8"?>
<testsuite xmlns:xsi="http://www.w3.org/2001/XMLSchema-instance" xsi:noNamespaceSchemaLocation="https://maven.apache.org/surefire/maven-surefire-plugin/xsd/surefire-test-report.xsd" version="3.0.2" name="com.example.sec_api.SecApiApplicationTests" time="3.119" tests="1" errors="0" skipped="0" failures="0">
  <properties>
[...]
</properties>
  <testcase name="contextLoads" classname="com.example.sec_api.SecApiApplicationTests" time="0.31">
    <system-out><![CDATA[15:20:22.911 [main] INFO org.springframework.test.context.support.AnnotationConfigContextLoaderUtils -- Could not detect default configuration classes for test class [com.example.sec_api.SecApiApplicationTests]: SecApiApplicationTests does not declare any static, non-private, non-final, nested classes annotated with @Configuration.
15:20:22.987 [main] INFO org.springframework.boot.test.context.SpringBootTestContextBootstrapper -- Found @SpringBootConfiguration com.example.sec_api.SecApiApplication for test class com.example.sec_api.SecApiApplicationTests

  .   ____          _            __ _ _
 /\\ / ___'_ __ _ _(_)_ __  __ _ \ \ \ \
( ( )\___ | '_ | '_| | '_ \/ _` | \ \ \ \
 \\/  ___)| |_)| | | | | || (_| |  ) ) ) )
  '  |____| .__|_| |_|_| |_\__, | / / / /
 =========|_|==============|___/=/_/_/_/

 :: Spring Boot ::                (v3.5.5)

2025-08-29T15:20:23.259-05:00  INFO 1717337 --- [sec-api] [           main] c.e.sec_api.SecApiApplicationTests       : Starting SecApiApplicationTests using Java 17.0.16 with PID 1717337 (started by spike in /home/spike/Documents/GitHub/SecFilingsAPI)
2025-08-29T15:20:23.260-05:00  INFO 1717337 --- [sec-api] [           main] c.e.sec_api.SecApiApplicationTests       : No active profile set, falling back to 1 default profile: "default"
2025-08-29T15:20:23.649-05:00  INFO 1717337 --- [sec-api] [           main] .s.d.r.c.RepositoryConfigurationDelegate : Bootstrapping Spring Data JPA repositories in DEFAULT mode.
2025-08-29T15:20:23.665-05:00  INFO 1717337 --- [sec-api] [           main] .s.d.r.c.RepositoryConfigurationDelegate : Finished Spring Data repository scanning in 9 ms. Found 0 JPA repository interfaces.
2025-08-29T15:20:24.032-05:00  INFO 1717337 --- [sec-api] [           main] o.hibernate.jpa.internal.util.LogHelper  : HHH000204: Processing PersistenceUnitInfo [name: default]
2025-08-29T15:20:24.061-05:00  INFO 1717337 --- [sec-api] [           main] org.hibernate.Version                    : HHH000412: Hibernate ORM core version 6.6.26.Final
2025-08-29T15:20:24.090-05:00  INFO 1717337 --- [sec-api] [           main] o.h.c.internal.RegionFactoryInitiator    : HHH000026: Second-level cache disabled
2025-08-29T15:20:24.268-05:00  INFO 1717337 --- [sec-api] [           main] o.s.o.j.p.SpringPersistenceUnitInfo      : No LoadTimeWeaver setup: ignoring JPA class transformer
2025-08-29T15:20:24.288-05:00  INFO 1717337 --- [sec-api] [           main] com.zaxxer.hikari.HikariDataSource       : HikariPool-1 - Starting...
2025-08-29T15:20:24.518-05:00  INFO 1717337 --- [sec-api] [           main] com.zaxxer.hikari.pool.HikariPool        : HikariPool-1 - Added connection org.postgresql.jdbc.PgConnection@5a6f6cac
2025-08-29T15:20:24.519-05:00  INFO 1717337 --- [sec-api] [           main] com.zaxxer.hikari.HikariDataSource       : HikariPool-1 - Start completed.
2025-08-29T15:20:24.571-05:00  INFO 1717337 --- [sec-api] [           main] org.hibernate.orm.connections.pooling    : HHH10001005: Database info:
	Database JDBC URL [Connecting through datasource 'HikariDataSource (HikariPool-1)']
	Database driver: undefined/unknown
	Database version: 14.18
	Autocommit mode: undefined/unknown
	Isolation level: undefined/unknown
	Minimum pool size: undefined/unknown
	Maximum pool size: undefined/unknown
2025-08-29T15:20:25.109-05:00  INFO 1717337 --- [sec-api] [           main] o.h.e.t.j.p.i.JtaPlatformInitiator       : HHH000489: No JTA platform available (set 'hibernate.transaction.jta.platform' to enable JTA platform integration)
2025-08-29T15:20:25.141-05:00  INFO 1717337 --- [sec-api] [           main] j.LocalContainerEntityManagerFactoryBean : Initialized JPA EntityManagerFactory for persistence unit 'default'
2025-08-29T15:20:25.280-05:00  WARN 1717337 --- [sec-api] [           main] JpaBaseConfiguration$JpaWebConfiguration : spring.jpa.open-in-view is enabled by default. Therefore, database queries may be performed during view rendering. Explicitly configure spring.jpa.open-in-view to disable this warning
2025-08-29T15:20:25.602-05:00  INFO 1717337 --- [sec-api] [           main] c.e.sec_api.SecApiApplicationTests       : Started SecApiApplicationTests in 2.512 seconds (process running for 3.116)
]]></system-out>
  </testcase>
</testsuite>